Target URL : https://twitter.com/rodyoki
Search Query : from:rodyoki include:retweets include:nativeretweets
[@rodyoki] Tweet range : <unspecified> (unknown) - <unspecified> (unknown)
Image : on  /  GIF : off  /  Video : off  /  No media : off  /  include RTs : off
Search filters: filter:images
--------------------------------------------------------------------------------
1. 2021/02/20 13:28:03 https://twitter.com/rodyoki/status/1363163517738774529
  img1) https://pbs.twimg.com/media/Eurt3IgXMAMr1r6?format=png&name=orig
  img2) https://pbs.twimg.com/media/Eurt3I-XYAI0-Ib?format=jpg&name=orig
2. 2021/02/01 00:51:26 https://twitter.com/rodyoki/status/1356087739628867586
  img1) https://pbs.twimg.com/media/EtHKfstXYAIJwvN?format=png&name=orig
  img2) https://pbs.twimg.com/media/EtHKgobW4AEDm30?format=jpg&name=orig
3. 2021/01/29 22:59:33 https://twitter.com/rodyoki/status/1355334806335315972
  img1) https://pbs.twimg.com/media/Es8cc7MXYAEinsv?format=jpg&name=orig
  img2) https://pbs.twimg.com/media/Es8cgVFXYAA68hx?format=png&name=orig
  img3) https://pbs.twimg.com/media/Es8ch-EXEAYgIM_?format=jpg&name=orig
  img4) https://pbs.twimg.com/media/Es8cnwHW4AYcb9u?format=jpg&name=orig
4. 2021/01/28 14:48:30 https://twitter.com/rodyoki/status/1354848841338671112
  img1) https://pbs.twimg.com/media/Es1jfUEXcAAiQBm?format=jpg&name=orig
5. 2021/01/05 21:14:26 https://twitter.com/rodyoki/status/1346611045780041733
  img1) https://pbs.twimg.com/media/ErAfNEkW4AIIllz?format=jpg&name=orig
6. 2021/01/04 20:40:09 https://twitter.com/rodyoki/status/1346240027257409536
  img1) https://pbs.twimg.com/media/Eq7N_5lXEAA5iZA?format=jpg&name=orig
7. 2021/01/04 20:36:00 https://twitter.com/rodyoki/status/1346238985862049792
  img1) https://pbs.twimg.com/media/Eq7NCFNXYAEzgvM?format=jpg&name=orig
8. 2020/12/03 21:49:23 https://twitter.com/rodyoki/status/1334661041272270851
  img1) https://pbs.twimg.com/media/EoWqP1SXUAASuNp?format=jpg&name=orig
9. 2020/11/26 19:32:37 https://twitter.com/rodyoki/status/1332089905892257800
  img1) https://pbs.twimg.com/media/EnyIVzpW4AQuY_c?format=png&name=orig
  img2) https://pbs.twimg.com/media/EnyIYEnWMAA1Grb?format=png&name=orig
  img3) https://pbs.twimg.com/media/EnyIZ1iXEAEPFOR?format=jpg&name=orig
  img4) https://pbs.twimg.com/media/EnyIbXWXUAcWyxj?format=png&name=orig
10. 2020/11/21 20:16:26 https://twitter.com/rodyoki/status/1330288994505150472
  img1) https://pbs.twimg.com/media/EnYh5S2XYAM_Ub2?format=jpg&name=orig
  img2) https://pbs.twimg.com/media/EnYh6TEXMAAgarE?format=png&name=orig
11. 2020/11/18 20:45:52 https://twitter.com/rodyoki/status/1329209239424917504
  img1) https://pbs.twimg.com/media/EnJK2_iXIAoIqyB?format=jpg&name=orig
  img2) https://pbs.twimg.com/media/EnJLlOHWEAkPST2?format=jpg&name=orig
12. 2020/11/16 20:21:47 https://twitter.com/rodyoki/status/1328478402152697856
  img1) https://pbs.twimg.com/media/Em-zPyPXcAIsoJD?format=jpg&name=orig
13. 2020/11/14 21:32:51 https://twitter.com/rodyoki/status/1327771510375927809
  img1) https://pbs.twimg.com/media/Em0xHwOW8AIGR8h?format=jpg&name=orig
  img2) https://pbs.twimg.com/media/Em0xHwfWMAADbIU?format=jpg&name=orig
14. 2020/11/14 21:32:04 https://twitter.com/rodyoki/status/1327771313142980608
  img1) https://pbs.twimg.com/media/Em0w9rTW4AAioV2?format=png&name=orig
15. 2020/11/14 21:31:13 https://twitter.com/rodyoki/status/1327771100676304898
  img1) https://pbs.twimg.com/media/Em0wvEnWMAANe1B?format=png&name=orig
16. 2020/11/14 21:30:43 https://twitter.com/rodyoki/status/1327770974498992128
  img1) https://pbs.twimg.com/media/Em0v-__XMAYCTGc?format=png&name=orig
17. 2020/06/27 21:01:42 https://twitter.com/rodyoki/status/1277029371803557893
  img1) https://pbs.twimg.com/media/EbjpkVcWsAErdDl?format=jpg&name=orig
18. 2020/05/30 22:41:24 https://twitter.com/rodyoki/status/1266907598768529411
  img1) https://pbs.twimg.com/media/EZT0E85WAAAYkIV?format=png&name=orig
  img2) https://pbs.twimg.com/media/EZT0IjEXQAMMb1C?format=jpg&name=orig
19. 2020/05/28 19:28:39 https://twitter.com/rodyoki/status/1266134317052375043
  img1) https://pbs.twimg.com/media/EZI12kFWkAMc7Zj?format=png&name=orig
  img2) https://pbs.twimg.com/media/EZI12kFXgAIGjT5?format=png&name=orig
  img3) https://pbs.twimg.com/media/EZI12kFXYAMc9NF?format=png&name=orig
  img4) https://pbs.twimg.com/media/EZI12kGWkAEkDBD?format=jpg&name=orig
20. 2020/05/27 19:49:41 https://twitter.com/rodyoki/status/1265777221412835328
  img1) https://pbs.twimg.com/media/EZDxhDFXkAEUhjf?format=jpg&name=orig
21. 2020/05/11 19:44:43 https://twitter.com/rodyoki/status/1259977766625325058
  img1) https://pbs.twimg.com/media/EXxWx0nWAAEjNEv?format=jpg&name=orig
22. 2020/05/09 19:14:09 https://twitter.com/rodyoki/status/1259245300025380867
  img1) https://pbs.twimg.com/media/EXm8qtqXYAIFDzj?format=jpg&name=orig
23. 2020/05/09 11:12:24 https://twitter.com/rodyoki/status/1259124063399706624
  img1) https://pbs.twimg.com/media/EXlOpnwWsAAekFV?format=jpg&name=orig
24. 2020/05/09 02:31:22 https://twitter.com/rodyoki/status/1258992939591761926
  img1) https://pbs.twimg.com/media/EXjXA7IXQAYu9d0?format=png&name=orig
  img2) https://pbs.twimg.com/media/EXjXA7HWAAAF9Jp?format=png&name=orig
25. 2020/05/08 19:43:22 https://twitter.com/rodyoki/status/1258890262023208962
  img1) https://pbs.twimg.com/media/EXh5PveXQAMRTwP?format=jpg&name=orig
26. 2020/04/14 19:20:10 https://twitter.com/rodyoki/status/1250187114614067201
  img1) https://pbs.twimg.com/media/EVmOcGMWsAI5z6S?format=jpg&name=orig
27. 2020/04/09 20:08:45 https://twitter.com/rodyoki/status/1248387402357325824
  img1) https://pbs.twimg.com/media/EVMpbJ5U0AIFyRj?format=jpg&name=orig
28. 2020/04/07 18:47:42 https://twitter.com/rodyoki/status/1247642231864995841
  img1) https://pbs.twimg.com/media/EVCCfLSXgAcor4x?format=jpg&name=orig
  img2) https://pbs.twimg.com/media/EVCChgLXgAAis3J?format=jpg&name=orig
  img3) https://pbs.twimg.com/media/EVCCu1sWsAcH2wF?format=jpg&name=orig
  img4) https://pbs.twimg.com/media/EVCC3UEXYAAoFWy?format=jpg&name=orig
29. 2020/04/01 19:56:25 https://twitter.com/rodyoki/status/1245485196155158528
  img1) https://pbs.twimg.com/media/EUjY7kSWAAAoQP3?format=jpg&name=orig
  img2) https://pbs.twimg.com/media/EUjY9J9WsAYFVww?format=jpg&name=orig
30. 2020/03/31 14:11:10 https://twitter.com/rodyoki/status/1245035923215130625
  img1) https://pbs.twimg.com/media/EUdBezSWoAEAzLP?format=jpg&name=orig
31. 2020/03/30 21:25:43 https://twitter.com/rodyoki/status/1244782894092083200
  img1) https://pbs.twimg.com/media/EUZanBlX0AA9FVQ?format=jpg&name=orig
  img2) https://pbs.twimg.com/media/EUZbBYKXkAIyPdj?format=jpg&name=orig
32. 2020/03/28 21:08:30 https://twitter.com/rodyoki/status/1244053786248859649
  img1) https://pbs.twimg.com/media/EUPENV4WkAUVk3o?format=jpg&name=orig
33. 2020/03/21 02:35:48 https://twitter.com/rodyoki/status/1241237050986319873
  img1) https://pbs.twimg.com/media/ETnCe3hXkAIs5_Y?format=jpg&name=orig
34. 2020/03/21 00:07:41 https://twitter.com/rodyoki/status/1241199776533819398
  img1) https://pbs.twimg.com/media/ETmgfEjXsAAE7jG?format=jpg&name=orig
35. 2020/03/20 18:02:19 https://twitter.com/rodyoki/status/1241107829181816838
  img1) https://pbs.twimg.com/media/ETlMgNzXgAQiG1k?format=jpg&name=orig
36. 2020/03/10 15:05:00 https://twitter.com/rodyoki/status/1237439324880343046
  img1) https://pbs.twimg.com/media/ESxEdIKWkAAVYNo?format=jpg&name=orig
37. 2020/03/09 15:25:27 https://twitter.com/rodyoki/status/1237082084243582979
  img1) https://pbs.twimg.com/media/ESr_WU3XYAAgcut?format=jpg&name=orig
  img2) https://pbs.twimg.com/media/ESr_ZPcXkAMo-j-?format=jpg&name=orig
38. 2020/03/01 21:15:21 https://twitter.com/rodyoki/status/1234271035744190464
  img1) https://pbs.twimg.com/media/ESECPmTWsAADc1U?format=jpg&name=orig
  img2) https://pbs.twimg.com/media/ESECNCzWsAA1wbK?format=jpg&name=orig
39. 2020/02/25 19:26:45 https://twitter.com/rodyoki/status/1232431767136550912
  img1) https://pbs.twimg.com/media/ERp55ZVX0AEOELU?format=jpg&name=orig
  img2) https://pbs.twimg.com/media/ERp56UQXYAAuGWL?format=jpg&name=orig
40. 2020/02/21 16:05:14 https://twitter.com/rodyoki/status/1230931502470516736
  img1) https://pbs.twimg.com/media/ERUlo6rWAAENtuD?format=jpg&name=orig
41. 2020/02/21 15:39:56 https://twitter.com/rodyoki/status/1230925133935759366
  img1) https://pbs.twimg.com/media/ERUfWWOXsAYcLK9?format=jpg&name=orig
42. 2020/02/17 14:42:12 https://twitter.com/rodyoki/status/1229461057116286976
  img1) https://pbs.twimg.com/media/EQ_sT7UXkAI24FA?format=jpg&name=orig
43. 2020/02/16 21:16:57 https://twitter.com/rodyoki/status/1229198009495322624
  img1) https://pbs.twimg.com/media/EQ79EUoX0AA8KH9?format=jpg&name=orig
44. 2020/02/15 16:50:08 https://twitter.com/rodyoki/status/1228768475629252608
  img1) https://pbs.twimg.com/media/EQ12ZrKWAAEhosv?format=jpg&name=orig
  img2) https://pbs.twimg.com/media/EQ12ZrLXkAUJ2-2?format=jpg&name=orig
45. 2020/02/11 22:58:51 https://twitter.com/rodyoki/status/1227411714460835841
  img1) https://pbs.twimg.com/media/EQikcNZWoAE_cEY?format=jpg&name=orig
46. 2020/02/05 17:02:55 https://twitter.com/rodyoki/status/1225147811810947078
  img1) https://pbs.twimg.com/media/EQCZaSEW4AgwDi8?format=jpg&name=orig
47. 2020/01/29 13:24:09 https://twitter.com/rodyoki/status/1222556045467406337
  img1) https://pbs.twimg.com/media/EPdkPXkXkAE0kFM?format=jpg&name=orig
48. 2020/01/28 21:01:08 https://twitter.com/rodyoki/status/1222308659860066306
  img1) https://pbs.twimg.com/media/EPaDPR_WsAEucLv?format=jpg&name=orig
49. 2020/01/26 18:49:36 https://twitter.com/rodyoki/status/1221550782283243521
  img1) https://pbs.twimg.com/media/EPPR8JkXkAAfWL9?format=jpg&name=orig
50. 2020/01/23 20:04:51 https://twitter.com/rodyoki/status/1220482557978071040
  img1) https://pbs.twimg.com/media/EPAGaHZX0AEkvAM?format=jpg&name=orig
51. 2020/01/19 16:18:03 https://twitter.com/rodyoki/status/1218975928467980288
  img1) https://pbs.twimg.com/media/EOqsIrsWAAIah_L?format=jpg&name=orig
  img2) https://pbs.twimg.com/media/EOqsIrzXkAAe-UJ?format=jpg&name=orig
52. 2020/01/14 22:56:16 https://twitter.com/rodyoki/status/1217264205436522496
  img1) https://pbs.twimg.com/media/EOSXVGwWoAA-FjG?format=jpg&name=orig
53. 2020/01/13 00:40:42 https://twitter.com/rodyoki/status/1216565709981061120
  img1) https://pbs.twimg.com/media/EOIcDd4XkAEy9R6?format=jpg&name=orig
54. 2020/01/08 18:42:49 https://twitter.com/rodyoki/status/1215026091783606276
  img1) https://pbs.twimg.com/media/ENyjxqbWwAYPs_a?format=jpg&name=orig
55. 2020/01/03 18:45:37 https://twitter.com/rodyoki/status/1213214857039929344
  img1) https://pbs.twimg.com/media/ENY0eqUU0AM3ncK?format=png&name=orig
56. 2020/01/03 15:37:46 https://twitter.com/rodyoki/status/1213167583626698753
  img1) https://pbs.twimg.com/media/ENYJfCwWsAEYJf7?format=jpg&name=orig
57. 2020/01/03 14:26:48 https://twitter.com/rodyoki/status/1213149726545080322
  img1) https://pbs.twimg.com/media/ENX5O6YWkAAidIN?format=jpg&name=orig
58. 2020/01/02 15:22:37 https://twitter.com/rodyoki/status/1212801383335903233
  img1) https://pbs.twimg.com/media/ENS8a-dWoAUtR38?format=jpg&name=orig
59. 2020/01/01 23:43:11 https://twitter.com/rodyoki/status/1212564967725117440
  img1) https://pbs.twimg.com/media/ENPlZNUWoAExrzW?format=png&name=orig
  img2) https://pbs.twimg.com/media/ENPlZNdX0AISYtZ?format=jpg&name=orig
  img3) https://pbs.twimg.com/media/ENPlZNUWwAAqOXE?format=jpg&name=orig
  img4) https://pbs.twimg.com/media/ENPlZNUWoAAPrhp?format=jpg&name=orig
60. 2019/12/11 16:37:13 https://twitter.com/rodyoki/status/1204847623968083970
  img1) https://pbs.twimg.com/media/ELh6hAkXsAAtHrw?format=jpg&name=orig
  img2) https://pbs.twimg.com/media/ELh6hAlWwAEikXs?format=jpg&name=orig
  img3) https://pbs.twimg.com/media/ELh6hAkXsAIvBBk?format=jpg&name=orig
61. 2019/12/07 23:16:53 https://twitter.com/rodyoki/status/1203498652523794433
  img1) https://pbs.twimg.com/media/ELOvonDXYAA8Wt1?format=jpg&name=orig
  img2) https://pbs.twimg.com/media/ELOvonGWkAADo8z?format=jpg&name=orig
62. 2019/12/06 19:33:55 https://twitter.com/rodyoki/status/1203080151963230211
  img1) https://pbs.twimg.com/media/ELIzADtWwAEj5S3?format=jpg&name=orig
63. 2019/12/05 22:51:41 https://twitter.com/rodyoki/status/1202767533620813826
  img1) https://pbs.twimg.com/media/ELEWrydX0AE7wdO?format=jpg&name=orig
64. 2019/12/04 23:42:41 https://twitter.com/rodyoki/status/1202417980430307329
  img1) https://pbs.twimg.com/media/EK_YxzpXkAAHV2c?format=png&name=orig
65. 2019/12/03 20:15:02 https://twitter.com/rodyoki/status/1202003338973319168
  img1) https://pbs.twimg.com/media/EK5fp2DWsAAL4nv?format=jpg&name=orig
  img2) https://pbs.twimg.com/media/EK5fp2FWwAAvcv6?format=jpg&name=orig
  img3) https://pbs.twimg.com/media/EK5fp2JWsAY6BJS?format=jpg&name=orig
  img4) https://pbs.twimg.com/media/EK5fp2LXUAErE82?format=jpg&name=orig
66. 2019/12/02 20:14:29 https://twitter.com/rodyoki/status/1201640812666339333
  img1) https://pbs.twimg.com/media/EK0V8KEW4AYTLeh?format=jpg&name=orig
67. 2019/12/02 13:08:52 https://twitter.com/rodyoki/status/1201533700074360832
  img1) https://pbs.twimg.com/media/EKy0hZLWwAEMoyt?format=jpg&name=orig
68. 2019/12/01 23:45:04 https://twitter.com/rodyoki/status/1201331417000677376
  img1) https://pbs.twimg.com/media/EKv8jfBWwAA_2Rc?format=png&name=orig
  img2) https://pbs.twimg.com/media/EKv8je_WwAEO-EZ?format=png&name=orig
69. 2019/12/01 22:22:39 https://twitter.com/rodyoki/status/1201310676968448000
  img1) https://pbs.twimg.com/media/EKvpr1wWsAAJg63?format=jpg&name=orig
70. 2019/12/01 18:03:50 https://twitter.com/rodyoki/status/1201245542824714240
  img1) https://pbs.twimg.com/media/EKuucQvXUAEJaQc?format=jpg&name=orig
71. 2019/12/01 14:51:46 https://twitter.com/rodyoki/status/1201197210236571649
  img1) https://pbs.twimg.com/media/EKuCe_yW4AExjBH?format=jpg&name=orig
72. 2019/11/29 19:22:03 https://twitter.com/rodyoki/status/1200540451440414721
  img1) https://pbs.twimg.com/media/EKktLMDWoAA1T9h?format=jpg&name=orig
73. 2019/11/29 17:56:27 https://twitter.com/rodyoki/status/1200518910753165312
  img1) https://pbs.twimg.com/media/EKkZkyIWoAAR9X9?format=jpg&name=orig
  img2) https://pbs.twimg.com/media/EKkZkyOW4AAMZqP?format=jpg&name=orig
74. 2019/11/25 22:06:20 https://twitter.com/rodyoki/status/1199132242993438720
  img1) https://pbs.twimg.com/media/EKQsZzPXsAAdjva?format=jpg&name=orig
  img2) https://pbs.twimg.com/media/EKQsZzOW4AIjiij?format=jpg&name=orig
75. 2019/11/23 18:13:05 https://twitter.com/rodyoki/status/1198348769990983680
  img1) https://pbs.twimg.com/media/EKFj07RX0AEmEIF?format=jpg&name=orig
76. 2019/11/21 17:50:48 https://twitter.com/rodyoki/status/1197618387628769280
  img1) https://pbs.twimg.com/media/EJ7Lj5_XkAIeSrc?format=jpg&name=orig
77. 2019/11/18 15:31:03 https://twitter.com/rodyoki/status/1196496053870243841
  img1) https://pbs.twimg.com/media/EJrOztJWsAUnb5u?format=jpg&name=orig
78. 2019/11/17 14:12:09 https://twitter.com/rodyoki/status/1196113810328821761
  img1) https://pbs.twimg.com/media/EJlzKs5W4AEvj7n?format=jpg&name=orig
79. 2019/11/17 00:03:41 https://twitter.com/rodyoki/status/1195900286780489730
  img1) https://pbs.twimg.com/media/EJiw9p1XUAAf_lp?format=jpg&name=orig
80. 2019/11/15 19:24:39 https://twitter.com/rodyoki/status/1195467675172032515
  img1) https://pbs.twimg.com/media/EJcngbfW4AEwrXr?format=jpg&name=orig
81. 2019/11/10 14:05:51 https://twitter.com/rodyoki/status/1193575510116319238
  img1) https://pbs.twimg.com/media/EJBumTmWwAMfE8h?format=jpg&name=orig
82. 2019/11/10 13:51:59 https://twitter.com/rodyoki/status/1193572017414520832
  img1) https://pbs.twimg.com/media/EJBrax2X0AAwDue?format=jpg&name=orig
83. 2019/11/09 13:03:12 https://twitter.com/rodyoki/status/1193197353370562560
  img1) https://pbs.twimg.com/media/EI8WqOLX0AMsVL2?format=jpg&name=orig
84. 2019/11/03 20:59:21 https://twitter.com/rodyoki/status/1191142853633818624
  img1) https://pbs.twimg.com/media/EIfKG1YXsAEnvjw?format=jpg&name=orig
  img2) https://pbs.twimg.com/media/EIfKG1ZXYAEMd7I?format=jpg&name=orig
  img3) https://pbs.twimg.com/media/EIfKG1cWkAEXTK2?format=jpg&name=orig
  img4) https://pbs.twimg.com/media/EIfKG1aWkAEPtOu?format=jpg&name=orig
85. 2019/11/03 13:54:32 https://twitter.com/rodyoki/status/1191035947342807041
  img1) https://pbs.twimg.com/media/EIdo4CTWkAAtliv?format=jpg&name=orig
86. 2019/11/01 20:31:00 https://twitter.com/rodyoki/status/1190410943114698758
  img1) https://pbs.twimg.com/media/EIUwbzGX0AA3ezC?format=png&name=orig
87. 2019/11/01 00:19:28 https://twitter.com/rodyoki/status/1190106050197934081
  img1) https://pbs.twimg.com/media/EIQbGvdWoAAX9dV?format=jpg&name=orig
88. 2019/10/31 21:27:50 https://twitter.com/rodyoki/status/1190062860673654789
  img1) https://pbs.twimg.com/media/EIPz2ikW4AAHhAk?format=jpg&name=orig
89. 2019/10/30 18:18:48 https://twitter.com/rodyoki/status/1189652900022308864
  img1) https://pbs.twimg.com/media/EIJ-_5iX0AAHWR-?format=png&name=orig
90. 2019/10/29 16:10:37 https://twitter.com/rodyoki/status/1189258251952644098
  img1) https://pbs.twimg.com/media/EIEYERYXkAEjWEg?format=png&name=orig
91. 2019/10/28 17:50:30 https://twitter.com/rodyoki/status/1188920999514910721
  img1) https://pbs.twimg.com/media/EH_lVqvX0AIVsZu?format=png&name=orig
92. 2019/10/28 16:29:47 https://twitter.com/rodyoki/status/1188900687490498560
  img1) https://pbs.twimg.com/media/EH_S3SoX0AE6qwI?format=png&name=orig
93. 2019/10/28 14:20:41 https://twitter.com/rodyoki/status/1188868200588566528
  img1) https://pbs.twimg.com/media/EH-1U5QXkAA61c2?format=jpg&name=orig
94. 2019/10/27 23:56:32 https://twitter.com/rodyoki/status/1188650727020863488
  img1) https://pbs.twimg.com/media/EH7vhhxXkAA_Npw?format=jpg&name=orig
95. 2019/10/26 02:07:01 https://twitter.com/rodyoki/status/1187958789569466368
  img1) https://pbs.twimg.com/media/EHx6NVOXUAEc6aY?format=jpg&name=orig
  img2) https://pbs.twimg.com/media/EHx6NVNXUAEU3oF?format=png&name=orig
96. 2019/10/22 19:17:51 https://twitter.com/rodyoki/status/1186768657931784194
  img1) https://pbs.twimg.com/media/EHg_yN7XkAI8VPB?format=jpg&name=orig
97. 2019/10/22 17:31:46 https://twitter.com/rodyoki/status/1186741961924984832
  img1) https://pbs.twimg.com/media/EHgnf1GX0AUH0T8?format=jpg&name=orig
98. 2019/10/11 17:56:33 https://twitter.com/rodyoki/status/1182761931201011712
  img1) https://pbs.twimg.com/media/EGoDs96W4AAHeK2?format=png&name=orig
  img2) https://pbs.twimg.com/media/EGoDs96W4AIXbfp?format=png&name=orig
  img3) https://pbs.twimg.com/media/EGoDs97W4AET5IV?format=png&name=orig
  img4) https://pbs.twimg.com/media/EGoDs97WkAAPaEJ?format=png&name=orig
99. 2019/10/04 17:21:33 https://twitter.com/rodyoki/status/1180216405154816002
  img1) https://pbs.twimg.com/media/EGD4kEoW4AQ-rTm?format=jpg&name=orig
100. 2019/10/04 17:11:14 https://twitter.com/rodyoki/status/1180213812819103745
  img1) https://pbs.twimg.com/media/EGD2NAyXkAAWl91?format=jpg&name=orig
101. 2019/10/04 16:55:48 https://twitter.com/rodyoki/status/1180209927727587328
  img1) https://pbs.twimg.com/media/EGDyqjWWkAEIBSE?format=png&name=orig
  img2) https://pbs.twimg.com/media/EGDyqjWWoAEXOl7?format=jpg&name=orig
  img3) https://pbs.twimg.com/media/EGDyqjWWsAIqRUC?format=png&name=orig
  img4) https://pbs.twimg.com/media/EGDyqjVXkAA-kuh?format=png&name=orig
102. 2019/10/02 19:39:18 https://twitter.com/rodyoki/status/1179526295522287616
  img1) https://pbs.twimg.com/media/EF6E6ORWsAACj4L?format=jpg&name=orig
103. 2019/10/01 21:00:47 https://twitter.com/rodyoki/status/1179184416184324096
  img1) https://pbs.twimg.com/media/EF1N9mXXUAccDaT?format=jpg&name=orig
104. 2019/10/01 19:09:46 https://twitter.com/rodyoki/status/1179156479103905793
  img1) https://pbs.twimg.com/media/EF00kEKXoAQGVqJ?format=png&name=orig
105. 2019/09/12 15:22:21 https://twitter.com/rodyoki/status/1172213877439901696
  img1) https://pbs.twimg.com/media/EESKSf5XoAUXZiv?format=jpg&name=orig
106. 2019/09/09 19:56:30 https://twitter.com/rodyoki/status/1171195704825589760
  img1) https://pbs.twimg.com/media/EEDsRw0XYAAMuHA?format=jpg&name=orig
107. 2019/09/06 01:13:08 https://twitter.com/rodyoki/status/1169825838683975680
  img1) https://pbs.twimg.com/media/EDwOYdZVUAAwVIk?format=jpg&name=orig
108. 2019/08/26 22:39:29 https://twitter.com/rodyoki/status/1166163291275694085
  img1) https://pbs.twimg.com/media/EC8LUpmWsAEi0pP?format=png&name=orig
109. 2019/08/21 00:46:06 https://twitter.com/rodyoki/status/1164020827467243520
  img1) https://pbs.twimg.com/media/ECduxIXWkAAkj6n?format=png&name=orig
  img2) https://pbs.twimg.com/media/ECduxIXW4AAYCGF?format=png&name=orig
  img3) https://pbs.twimg.com/media/ECduxIWXsAI031_?format=png&name=orig
110. 2019/08/12 15:10:58 https://twitter.com/rodyoki/status/1160976986283622406
  img1) https://pbs.twimg.com/media/EByeZ3DXYAIycy3?format=jpg&name=orig
111. 2019/08/12 15:03:21 https://twitter.com/rodyoki/status/1160975070820524032
  img1) https://pbs.twimg.com/media/EBycq4VW4AAOQY4?format=jpg&name=orig
--------------------------------------------------------------------------------
[Complete] 1160975070820524032 - 1363163517738774529  ( Tweet: 111 / Media: 161 )
